1532662087493	geckodriver	INFO	geckodriver 0.21.0
1532662087497	geckodriver	INFO	Listening on 127.0.0.1:38301
1532662088510	mozrunner::runner	INFO	Running command: "/usr/bin/firefox" "-marionette" "-foreground" "-no-remote" "-profile" "/tmp/rust_mozprofile.6jkVftViyLzh"
1532662091012	Marionette	INFO	Listening on port 38459
1532662091023	Marionette	WARN	TLS certificate errors will be ignored for this session
*** UTM:SVC TimerManager:registerTimer called after profile-before-change notification. Ignoring timer registration for id: telemetry_modules_ping
1532662099634	geckodriver	INFO	geckodriver 0.21.0
1532662099640	geckodriver	INFO	Listening on 127.0.0.1:42731
1532662100641	mozrunner::runner	INFO	Running command: "/usr/bin/firefox" "-marionette" "-foreground" "-no-remote" "-profile" "/tmp/rust_mozprofile.QZ5xOQjPd3k2"
1532662102737	Marionette	INFO	Listening on port 44195
1532662102777	Marionette	WARN	TLS certificate errors will be ignored for this session
[Parent 63859, Gecko_IOThread] WARNING: pipe error (56): Connection reset by peer: file /builds/worker/workspace/build/src/ipc/chromium/src/chrome/common/ipc_channel_posix.cc, line 353
*** UTM:SVC TimerManager:registerTimer called after profile-before-change notification. Ignoring timer registration for id: telemetry_modules_ping
1532662270177	geckodriver	INFO	geckodriver 0.21.0
1532662270183	geckodriver	INFO	Listening on 127.0.0.1:38541
1532662271184	mozrunner::runner	INFO	Running command: "/usr/bin/firefox" "-marionette" "-foreground" "-no-remote" "-profile" "/tmp/rust_mozprofile.5xTSd1eiQAry"
1532662273501	Marionette	INFO	Listening on port 38725
1532662273647	Marionette	WARN	TLS certificate errors will be ignored for this session
JavaScript error: chrome://browser/content/content.js, line 670: TypeError: docShell.failedChannel is null
JavaScript error: chrome://browser/content/content.js, line 670: TypeError: docShell.failedChannel is null
JavaScript error: chrome://browser/content/content.js, line 670: TypeError: docShell.failedChannel is null
*** UTM:SVC TimerManager:registerTimer called after profile-before-change notification. Ignoring timer registration for id: telemetry_modules_ping
1532662307086	geckodriver	INFO	geckodriver 0.21.0
1532662307090	geckodriver	INFO	Listening on 127.0.0.1:37769
1532662308094	mozrunner::runner	INFO	Running command: "/usr/bin/firefox" "-marionette" "-foreground" "-no-remote" "-profile" "/tmp/rust_mozprofile.vNArzX1oMoNq"
1532662310292	Marionette	INFO	Listening on port 40493
1532662310311	Marionette	WARN	TLS certificate errors will be ignored for this session
ATTENTION: default value of option force_s3tc_enable overridden by environment.
1532662373004	geckodriver	INFO	geckodriver 0.21.0
1532662373010	geckodriver	INFO	Listening on 127.0.0.1:46227
1532662374008	mozrunner::runner	INFO	Running command: "/usr/bin/firefox" "-marionette" "-foreground" "-no-remote" "-profile" "/tmp/rust_mozprofile.TFqQPSrrOAZf"
1532662378178	Marionette	INFO	Listening on port 41033
1532662378275	Marionette	WARN	TLS certificate errors will be ignored for this session
ATTENTION: default value of option force_s3tc_enable overridden by environment.
[Child 65357, Chrome_ChildThread] WARNING: pipe error (22): Connection reset by peer: file /builds/worker/workspace/build/src/ipc/chromium/src/chrome/common/ipc_channel_posix.cc, line 353
1532662412174	geckodriver	INFO	geckodriver 0.21.0
1532662412234	geckodriver	INFO	Listening on 127.0.0.1:53815
1532662413179	mozrunner::runner	INFO	Running command: "/usr/bin/firefox" "-marionette" "-foreground" "-no-remote" "-profile" "/tmp/rust_mozprofile.RqYA4pOGlUmH"
1532662421283	Marionette	INFO	Listening on port 40217
1532662421312	Marionette	WARN	TLS certificate errors will be ignored for this session
ATTENTION: default value of option force_s3tc_enable overridden by environment.
[Parent 65590, Gecko_IOThread] WARNING: pipe error (64): Connection reset by peer: file /builds/worker/workspace/build/src/ipc/chromium/src/chrome/common/ipc_channel_posix.cc, line 353
*** UTM:SVC TimerManager:registerTimer called after profile-before-change notification. Ignoring timer registration for id: telemetry_modules_ping
[Parent 64923, Gecko_IOThread] WARNING: pipe error (50): Connection reset by peer: file /builds/worker/workspace/build/src/ipc/chromium/src/chrome/common/ipc_channel_posix.cc, line 353
1532662511094	geckodriver	INFO	geckodriver 0.21.0
1532662511100	geckodriver	INFO	Listening on 127.0.0.1:58519
1532662512101	mozrunner::runner	INFO	Running command: "/usr/bin/firefox" "-marionette" "-foreground" "-no-remote" "-profile" "/tmp/rust_mozprofile.oh22tjJhPEz2"
1532662514043	Marionette	INFO	Listening on port 43703
1532662514123	Marionette	WARN	TLS certificate errors will be ignored for this session
ATTENTION: default value of option force_s3tc_enable overridden by environment.
[Parent 66066, Gecko_IOThread] WARNING: pipe error (50): Connection reset by peer: file /builds/worker/workspace/build/src/ipc/chromium/src/chrome/common/ipc_channel_posix.cc, line 353
*** UTM:SVC TimerManager:registerTimer called after profile-before-change notification. Ignoring timer registration for id: telemetry_modules_ping
1532663183522	geckodriver	INFO	geckodriver 0.21.0
1532663183530	geckodriver	INFO	Listening on 127.0.0.1:49083
1532663184529	mozrunner::runner	INFO	Running command: "/usr/bin/firefox" "-marionette" "-foreground" "-no-remote" "-profile" "/tmp/rust_mozprofile.qtZHph1bnycK"
1532663186712	Marionette	INFO	Listening on port 36407
1532663186756	Marionette	WARN	TLS certificate errors will be ignored for this session
ATTENTION: default value of option force_s3tc_enable overridden by environment.
[Parent 69104, Gecko_IOThread] WARNING: pipe error (50): Connection reset by peer: file /builds/worker/workspace/build/src/ipc/chromium/src/chrome/common/ipc_channel_posix.cc, line 353
1532663272089	geckodriver	INFO	geckodriver 0.21.0
1532663272094	geckodriver	INFO	Listening on 127.0.0.1:42827
1532663273096	mozrunner::runner	INFO	Running command: "/usr/bin/firefox" "-marionette" "-foreground" "-no-remote" "-profile" "/tmp/rust_mozprofile.I555U9zlMYBN"
1532663275081	Marionette	INFO	Listening on port 45133
1532663275117	Marionette	WARN	TLS certificate errors will be ignored for this session
ATTENTION: default value of option force_s3tc_enable overridden by environment.
1532663328939	geckodriver	INFO	geckodriver 0.21.0
1532663328950	geckodriver	INFO	Listening on 127.0.0.1:47015
1532663329951	mozrunner::runner	INFO	Running command: "/usr/bin/firefox" "-marionette" "-foreground" "-no-remote" "-profile" "/tmp/rust_mozprofile.OeWnErQZWiL1"
1532663334318	Marionette	INFO	Listening on port 39813
1532663334421	Marionette	WARN	TLS certificate errors will be ignored for this session
ATTENTION: default value of option force_s3tc_enable overridden by environment.
*** UTM:SVC TimerManager:registerTimer called after profile-before-change notification. Ignoring timer registration for id: telemetry_modules_ping
[Parent 69689, Gecko_IOThread] WARNING: pipe error (50): Connection reset by peer: file /builds/worker/workspace/build/src/ipc/chromium/src/chrome/common/ipc_channel_posix.cc, line 353
1532664085389	geckodriver	INFO	geckodriver 0.21.0
1532664085395	geckodriver	INFO	Listening on 127.0.0.1:45393
1532664086393	mozrunner::runner	INFO	Running command: "/usr/bin/firefox" "-marionette" "-foreground" "-no-remote" "-profile" "/tmp/rust_mozprofile.hCI01F7SX1FF"
1532664088495	Marionette	INFO	Listening on port 44005
1532664088528	Marionette	WARN	TLS certificate errors will be ignored for this session
ATTENTION: default value of option force_s3tc_enable overridden by environment.
[Parent 74596, Gecko_IOThread] WARNING: pipe error (61): Connection reset by peer: file /builds/worker/workspace/build/src/ipc/chromium/src/chrome/common/ipc_channel_posix.cc, line 353
*** UTM:SVC TimerManager:registerTimer called after profile-before-change notification. Ignoring timer registration for id: telemetry_modules_ping
1532664142557	geckodriver	INFO	geckodriver 0.21.0
1532664142561	geckodriver	INFO	Listening on 127.0.0.1:39907
1532664143563	mozrunner::runner	INFO	Running command: "/usr/bin/firefox" "-marionette" "-foreground" "-no-remote" "-profile" "/tmp/rust_mozprofile.sCmKsMBvv05h"
1532664145797	Marionette	INFO	Listening on port 40989
1532664145887	Marionette	WARN	TLS certificate errors will be ignored for this session
ATTENTION: default value of option force_s3tc_enable overridden by environment.
*** UTM:SVC TimerManager:registerTimer called after profile-before-change notification. Ignoring timer registration for id: telemetry_modules_ping
1532664466979	geckodriver	INFO	geckodriver 0.21.0
1532664466985	geckodriver	INFO	Listening on 127.0.0.1:40083
1532664467985	mozrunner::runner	INFO	Running command: "/usr/bin/firefox" "-marionette" "-foreground" "-no-remote" "-profile" "/tmp/rust_mozprofile.Z5PkO7ZS809p"
1532664470160	Marionette	INFO	Listening on port 38473
1532664470225	Marionette	WARN	TLS certificate errors will be ignored for this session
ATTENTION: default value of option force_s3tc_enable overridden by environment.
*** UTM:SVC TimerManager:registerTimer called after profile-before-change notification. Ignoring timer registration for id: telemetry_modules_ping
1532665955145	geckodriver	INFO	geckodriver 0.21.0
1532665955152	geckodriver	INFO	Listening on 127.0.0.1:51529
1532665956150	mozrunner::runner	INFO	Running command: "/usr/bin/firefox" "-marionette" "-foreground" "-no-remote" "-profile" "/tmp/rust_mozprofile.WwITOfTmjltp"
1532665959871	Marionette	INFO	Listening on port 45641
1532665959912	Marionette	WARN	TLS certificate errors will be ignored for this session
ATTENTION: default value of option force_s3tc_enable overridden by environment.
*** UTM:SVC TimerManager:registerTimer called after profile-before-change notification. Ignoring timer registration for id: telemetry_modules_ping
1532666214675	geckodriver	INFO	geckodriver 0.21.0
1532666214680	geckodriver	INFO	Listening on 127.0.0.1:51011
1532666215681	mozrunner::runner	INFO	Running command: "/usr/bin/firefox" "-marionette" "-foreground" "-no-remote" "-profile" "/tmp/rust_mozprofile.cr1iqm4znjhk"
1532666217691	Marionette	INFO	Listening on port 37125
1532666217701	Marionette	WARN	TLS certificate errors will be ignored for this session
ATTENTION: default value of option force_s3tc_enable overridden by environment.
[Parent 84057, Gecko_IOThread] WARNING: pipe error (71): Connection reset by peer: file /builds/worker/workspace/build/src/ipc/chromium/src/chrome/common/ipc_channel_posix.cc, line 353
1532666394866	geckodriver	INFO	geckodriver 0.21.0
1532666394871	geckodriver	INFO	Listening on 127.0.0.1:45453
1532666395870	mozrunner::runner	INFO	Running command: "/usr/bin/firefox" "-marionette" "-foreground" "-no-remote" "-profile" "/tmp/rust_mozprofile.fGHR5hta9zhi"
1532666398417	Marionette	INFO	Listening on port 37969
1532666398548	Marionette	WARN	TLS certificate errors will be ignored for this session
ATTENTION: default value of option force_s3tc_enable overridden by environment.
*** UTM:SVC TimerManager:registerTimer called after profile-before-change notification. Ignoring timer registration for id: telemetry_modules_ping
1532666489572	geckodriver	INFO	geckodriver 0.21.0
1532666489576	geckodriver	INFO	Listening on 127.0.0.1:54087
1532666490579	mozrunner::runner	INFO	Running command: "/usr/bin/firefox" "-marionette" "-foreground" "-no-remote" "-profile" "/tmp/rust_mozprofile.M08noHMFDLtV"
1532666492533	Marionette	INFO	Listening on port 39703
1532666492596	Marionette	WARN	TLS certificate errors will be ignored for this session
ATTENTION: default value of option force_s3tc_enable overridden by environment.
*** UTM:SVC TimerManager:registerTimer called after profile-before-change notification. Ignoring timer registration for id: telemetry_modules_ping
1532668230368	geckodriver	INFO	geckodriver 0.21.0
1532668230373	geckodriver	INFO	Listening on 127.0.0.1:47855
1532668231375	mozrunner::runner	INFO	Running command: "/usr/bin/firefox" "-marionette" "-foreground" "-no-remote" "-profile" "/tmp/rust_mozprofile.L0lC6FFkR4ka"
1532668233546	Marionette	INFO	Listening on port 39201
1532668233593	Marionette	WARN	TLS certificate errors will be ignored for this session
ATTENTION: default value of option force_s3tc_enable overridden by environment.
*** UTM:SVC TimerManager:registerTimer called after profile-before-change notification. Ignoring timer registration for id: telemetry_modules_ping
1532668291141	geckodriver	INFO	geckodriver 0.21.0
1532668291146	geckodriver	INFO	Listening on 127.0.0.1:56013
1532668292147	mozrunner::runner	INFO	Running command: "/usr/bin/firefox" "-marionette" "-foreground" "-no-remote" "-profile" "/tmp/rust_mozprofile.sdekrRS54ADy"
1532668294004	Marionette	INFO	Listening on port 34809
1532668294091	Marionette	WARN	TLS certificate errors will be ignored for this session
ATTENTION: default value of option force_s3tc_enable overridden by environment.
*** UTM:SVC TimerManager:registerTimer called after profile-before-change notification. Ignoring timer registration for id: telemetry_modules_ping
1532668719762	geckodriver	INFO	geckodriver 0.21.0
1532668719767	geckodriver	INFO	Listening on 127.0.0.1:44735
1532668720768	mozrunner::runner	INFO	Running command: "/usr/bin/firefox" "-marionette" "-foreground" "-no-remote" "-profile" "/tmp/rust_mozprofile.59lXKdepCcVT"
1532668722963	Marionette	INFO	Listening on port 38671
1532668722995	Marionette	WARN	TLS certificate errors will be ignored for this session
ATTENTION: default value of option force_s3tc_enable overridden by environment.
[Parent 96513, Gecko_IOThread] WARNING: pipe error (50): Connection reset by peer: file /builds/worker/workspace/build/src/ipc/chromium/src/chrome/common/ipc_channel_posix.cc, line 353
*** UTM:SVC TimerManager:registerTimer called after profile-before-change notification. Ignoring timer registration for id: telemetry_modules_ping
1532668747134	geckodriver	INFO	geckodriver 0.21.0
1532668747138	geckodriver	INFO	Listening on 127.0.0.1:50305
1532668748141	mozrunner::runner	INFO	Running command: "/usr/bin/firefox" "-marionette" "-foreground" "-no-remote" "-profile" "/tmp/rust_mozprofile.DY4sNodzmc2o"
1532668749995	Marionette	INFO	Listening on port 37261
1532668750075	Marionette	WARN	TLS certificate errors will be ignored for this session
ATTENTION: default value of option force_s3tc_enable overridden by environment.
*** UTM:SVC TimerManager:registerTimer called after profile-before-change notification. Ignoring timer registration for id: telemetry_modules_ping
1532669015554	geckodriver	INFO	geckodriver 0.21.0
1532669015560	geckodriver	INFO	Listening on 127.0.0.1:43447
1532669016558	mozrunner::runner	INFO	Running command: "/usr/bin/firefox" "-marionette" "-foreground" "-no-remote" "-profile" "/tmp/rust_mozprofile.hqvHmWpQvp7B"
1532669020830	Marionette	INFO	Listening on port 45943
1532669020996	Marionette	WARN	TLS certificate errors will be ignored for this session
ATTENTION: default value of option force_s3tc_enable overridden by environment.
[Parent 98232, Gecko_IOThread] WARNING: pipe error (50): Connection reset by peer: file /builds/worker/workspace/build/src/ipc/chromium/src/chrome/common/ipc_channel_posix.cc, line 353
*** UTM:SVC TimerManager:registerTimer called after profile-before-change notification. Ignoring timer registration for id: telemetry_modules_ping
1532669175531	geckodriver	INFO	geckodriver 0.21.0
1532669175534	geckodriver	INFO	Listening on 127.0.0.1:40921
1532669176537	mozrunner::runner	INFO	Running command: "/usr/bin/firefox" "-marionette" "-foreground" "-no-remote" "-profile" "/tmp/rust_mozprofile.yf4DTvx7yGEV"
1532669178811	Marionette	INFO	Listening on port 45057
1532669178893	Marionette	WARN	TLS certificate errors will be ignored for this session
ATTENTION: default value of option force_s3tc_enable overridden by environment.
1532669224990	geckodriver	INFO	geckodriver 0.21.0
1532669224998	geckodriver	INFO	Listening on 127.0.0.1:46351
1532669225013	mozrunner::runner	INFO	Running command: "/usr/bin/firefox" "-marionette" "-foreground" "-no-remote" "-profile" "/tmp/rust_mozprofile.8W0YBPsnPimc"
1532669231421	Marionette	INFO	Listening on port 36083
1532669231503	Marionette	WARN	TLS certificate errors will be ignored for this session
ATTENTION: default value of option force_s3tc_enable overridden by environment.
*** UTM:SVC TimerManager:registerTimer called after profile-before-change notification. Ignoring timer registration for id: telemetry_modules_ping
[Parent 98986, Gecko_IOThread] WARNING: pipe error (59): Connection reset by peer: file /builds/worker/workspace/build/src/ipc/chromium/src/chrome/common/ipc_channel_posix.cc, line 353
1532669249154	geckodriver	INFO	geckodriver 0.21.0
1532669249160	geckodriver	INFO	Listening on 127.0.0.1:55839
1532669250155	mozrunner::runner	INFO	Running command: "/usr/bin/firefox" "-marionette" "-foreground" "-no-remote" "-profile" "/tmp/rust_mozprofile.EfSS596NAzzz"
1532669252904	Marionette	INFO	Listening on port 45729
1532669253022	Marionette	WARN	TLS certificate errors will be ignored for this session
ATTENTION: default value of option force_s3tc_enable overridden by environment.
*** UTM:SVC TimerManager:registerTimer called after profile-before-change notification. Ignoring timer registration for id: telemetry_modules_ping
1532669349699	geckodriver	INFO	geckodriver 0.21.0
1532669349707	geckodriver	INFO	Listening on 127.0.0.1:48641
1532669350707	mozrunner::runner	INFO	Running command: "/usr/bin/firefox" "-marionette" "-foreground" "-no-remote" "-profile" "/tmp/rust_mozprofile.4VQ5IeIYU2em"
1532669353421	Marionette	INFO	Listening on port 36509
1532669353438	Marionette	WARN	TLS certificate errors will be ignored for this session
ATTENTION: default value of option force_s3tc_enable overridden by environment.
*** UTM:SVC TimerManager:registerTimer called after profile-before-change notification. Ignoring timer registration for id: telemetry_modules_ping
1532669399157	geckodriver	INFO	geckodriver 0.21.0
1532669399165	geckodriver	INFO	Listening on 127.0.0.1:57553
1532669400163	mozrunner::runner	INFO	Running command: "/usr/bin/firefox" "-marionette" "-foreground" "-no-remote" "-profile" "/tmp/rust_mozprofile.6i07JDc6I7QW"
1532669402722	Marionette	INFO	Listening on port 38235
1532669402837	Marionette	WARN	TLS certificate errors will be ignored for this session
ATTENTION: default value of option force_s3tc_enable overridden by environment.
*** UTM:SVC TimerManager:registerTimer called after profile-before-change notification. Ignoring timer registration for id: telemetry_modules_ping
1532690482421	geckodriver	INFO	geckodriver 0.21.0
1532690482437	geckodriver	INFO	Listening on 127.0.0.1:60787
1532690483439	mozrunner::runner	INFO	Running command: "/usr/bin/firefox" "-marionette" "-foreground" "-no-remote" "-profile" "/tmp/rust_mozprofile.OUCipRw0q0rs"
1532690488115	Marionette	INFO	Listening on port 32787
1532690488298	Marionette	WARN	TLS certificate errors will be ignored for this session
ATTENTION: default value of option force_s3tc_enable overridden by environment.
*** UTM:SVC TimerManager:registerTimer called after profile-before-change notification. Ignoring timer registration for id: telemetry_modules_ping
1532690521920	geckodriver	INFO	geckodriver 0.21.0
1532690521931	geckodriver	INFO	Listening on 127.0.0.1:58467
1532690522925	mozrunner::runner	INFO	Running command: "/usr/bin/firefox" "-marionette" "-foreground" "-no-remote" "-profile" "/tmp/rust_mozprofile.gQki88aRlsMY"
1532690526450	Marionette	INFO	Listening on port 44681
1532690526468	Marionette	WARN	TLS certificate errors will be ignored for this session
ATTENTION: default value of option force_s3tc_enable overridden by environment.
[Parent 6983, Gecko_IOThread] WARNING: pipe error (50): Connection reset by peer: file /builds/worker/workspace/build/src/ipc/chromium/src/chrome/common/ipc_channel_posix.cc, line 353
*** UTM:SVC TimerManager:registerTimer called after profile-before-change notification. Ignoring timer registration for id: telemetry_modules_ping
1532690625433	geckodriver	INFO	geckodriver 0.21.0
1532690625441	geckodriver	INFO	Listening on 127.0.0.1:47845
1532690626439	mozrunner::runner	INFO	Running command: "/usr/bin/firefox" "-marionette" "-foreground" "-no-remote" "-profile" "/tmp/rust_mozprofile.BMnjlHpwBfQx"
1532690628500	Marionette	INFO	Listening on port 39215
1532690628553	Marionette	WARN	TLS certificate errors will be ignored for this session
ATTENTION: default value of option force_s3tc_enable overridden by environment.
[Parent 7707, Gecko_IOThread] WARNING: pipe error (70): Connection reset by peer: file /builds/worker/workspace/build/src/ipc/chromium/src/chrome/common/ipc_channel_posix.cc, line 353
*** UTM:SVC TimerManager:registerTimer called after profile-before-change notification. Ignoring timer registration for id: telemetry_modules_ping
1532690769799	geckodriver	INFO	geckodriver 0.21.0
1532690769805	geckodriver	INFO	Listening on 127.0.0.1:50593
1532690770805	mozrunner::runner	INFO	Running command: "/usr/bin/firefox" "-marionette" "-foreground" "-no-remote" "-profile" "/tmp/rust_mozprofile.ZQZJ8Gv2ujKl"
1532690772951	Marionette	INFO	Listening on port 37019
1532690773042	Marionette	WARN	TLS certificate errors will be ignored for this session
ATTENTION: default value of option force_s3tc_enable overridden by environment.
[Child 8857, Chrome_ChildThread] WARNING: pipe error (3): Connection reset by peer: file /builds/worker/workspace/build/src/ipc/chromium/src/chrome/common/ipc_channel_posix.cc, line 353
1532690887499	geckodriver	INFO	geckodriver 0.21.0
1532690887505	geckodriver	INFO	Listening on 127.0.0.1:39179
1532690888511	mozrunner::runner	INFO	Running command: "/usr/bin/firefox" "-marionette" "-foreground" "-no-remote" "-profile" "/tmp/rust_mozprofile.mv3ejxvpZnKt"
1532690890566	Marionette	INFO	Listening on port 45897
1532690890633	Marionette	WARN	TLS certificate errors will be ignored for this session
ATTENTION: default value of option force_s3tc_enable overridden by environment.
1532691148730	geckodriver	INFO	geckodriver 0.21.0
1532691148736	geckodriver	INFO	Listening on 127.0.0.1:56429
1532691149736	mozrunner::runner	INFO	Running command: "/usr/bin/firefox" "-marionette" "-foreground" "-no-remote" "-profile" "/tmp/rust_mozprofile.XAmKfthGWiX2"
1532691151838	Marionette	INFO	Listening on port 41395
1532691151849	Marionette	WARN	TLS certificate errors will be ignored for this session
ATTENTION: default value of option force_s3tc_enable overridden by environment.
[Parent 11483, Gecko_IOThread] WARNING: pipe error (50): Connection reset by peer: file /builds/worker/workspace/build/src/ipc/chromium/src/chrome/common/ipc_channel_posix.cc, line 353
*** UTM:SVC TimerManager:registerTimer called after profile-before-change notification. Ignoring timer registration for id: telemetry_modules_ping
1532691157793	geckodriver	INFO	geckodriver 0.21.0
1532691157799	geckodriver	INFO	Listening on 127.0.0.1:47529
1532691158798	mozrunner::runner	INFO	Running command: "/usr/bin/firefox" "-marionette" "-foreground" "-no-remote" "-profile" "/tmp/rust_mozprofile.TPGbMd4b2Dio"
1532691160798	Marionette	INFO	Listening on port 45945
1532691160815	Marionette	WARN	TLS certificate errors will be ignored for this session
ATTENTION: default value of option force_s3tc_enable overridden by environment.
*** UTM:SVC TimerManager:registerTimer called after profile-before-change notification. Ignoring timer registration for id: telemetry_modules_ping
1532692700926	geckodriver	INFO	geckodriver 0.21.0
1532692700931	geckodriver	INFO	Listening on 127.0.0.1:51279
1532692701932	mozrunner::runner	INFO	Running command: "/usr/bin/firefox" "-marionette" "-foreground" "-no-remote" "-profile" "/tmp/rust_mozprofile.L7vwgWwkPl2K"
1532692703988	Marionette	INFO	Listening on port 43765
1532692704060	Marionette	WARN	TLS certificate errors will be ignored for this session
ATTENTION: default value of option force_s3tc_enable overridden by environment.
[Parent 18347, Gecko_IOThread] WARNING: pipe error (50): Connection reset by peer: file /builds/worker/workspace/build/src/ipc/chromium/src/chrome/common/ipc_channel_posix.cc, line 353
*** UTM:SVC TimerManager:registerTimer called after profile-before-change notification. Ignoring timer registration for id: telemetry_modules_ping
1532692750565	geckodriver	INFO	geckodriver 0.21.0
1532692750572	geckodriver	INFO	Listening on 127.0.0.1:48877
1532692751571	mozrunner::runner	INFO	Running command: "/usr/bin/firefox" "-marionette" "-foreground" "-no-remote" "-profile" "/tmp/rust_mozprofile.gk3zpAwKF7f0"
1532692753657	Marionette	INFO	Listening on port 42971
1532692753706	Marionette	WARN	TLS certificate errors will be ignored for this session
ATTENTION: default value of option force_s3tc_enable overridden by environment.
1532692773934	addons.productaddons	WARN	Failed downloading XML, status: 0, reason: error
1532692773956	addons.productaddons	WARN	Failed downloading via XHR, status: 0, reason: error
*** UTM:SVC TimerManager:registerTimer called after profile-before-change notification. Ignoring timer registration for id: telemetry_modules_ping
1532694711554	geckodriver	INFO	geckodriver 0.21.0
1532694711563	geckodriver	INFO	Listening on 127.0.0.1:47505
1532694712560	mozrunner::runner	INFO	Running command: "/usr/bin/firefox" "-marionette" "-foreground" "-no-remote" "-profile" "/tmp/rust_mozprofile.OhdOmslYHspp"
1532694714903	Marionette	INFO	Listening on port 39517
1532694714922	Marionette	WARN	TLS certificate errors will be ignored for this session
ATTENTION: default value of option force_s3tc_enable overridden by environment.
*** UTM:SVC TimerManager:registerTimer called after profile-before-change notification. Ignoring timer registration for id: telemetry_modules_ping
1532694729013	geckodriver	INFO	geckodriver 0.21.0
1532694729022	geckodriver	INFO	Listening on 127.0.0.1:57235
1532694730019	mozrunner::runner	INFO	Running command: "/usr/bin/firefox" "-marionette" "-foreground" "-no-remote" "-profile" "/tmp/rust_mozprofile.JrTdrSlR8vto"
1532694732111	Marionette	INFO	Listening on port 35505
1532694732134	Marionette	WARN	TLS certificate errors will be ignored for this session
ATTENTION: default value of option force_s3tc_enable overridden by environment.
[Parent 27306, Gecko_IOThread] WARNING: pipe error (65): Connection reset by peer: file /builds/worker/workspace/build/src/ipc/chromium/src/chrome/common/ipc_channel_posix.cc, line 353
*** UTM:SVC TimerManager:registerTimer called after profile-before-change notification. Ignoring timer registration for id: telemetry_modules_ping
1532741216876	geckodriver	INFO	geckodriver 0.21.0
1532741216913	geckodriver	INFO	Listening on 127.0.0.1:36251
1532741217901	mozrunner::runner	INFO	Running command: "/usr/bin/firefox" "-marionette" "-foreground" "-no-remote" "-profile" "/tmp/rust_mozprofile.4Syux6y3MJGm"
1532741222191	Marionette	INFO	Listening on port 38407
1532741222266	Marionette	WARN	TLS certificate errors will be ignored for this session
ATTENTION: default value of option force_s3tc_enable overridden by environment.
[Parent 8808, Gecko_IOThread] WARNING: pipe error (50): Connection reset by peer: file /builds/worker/workspace/build/src/ipc/chromium/src/chrome/common/ipc_channel_posix.cc, line 353
*** UTM:SVC TimerManager:registerTimer called after profile-before-change notification. Ignoring timer registration for id: telemetry_modules_ping
1532741852865	geckodriver	INFO	geckodriver 0.21.0
1532741852870	geckodriver	INFO	Listening on 127.0.0.1:39469
1532741853871	mozrunner::runner	INFO	Running command: "/usr/bin/firefox" "-marionette" "-foreground" "-no-remote" "-profile" "/tmp/rust_mozprofile.IF6BXkH9RUi8"
1532741855736	Marionette	INFO	Listening on port 38963
1532741855796	Marionette	WARN	TLS certificate errors will be ignored for this session
ATTENTION: default value of option force_s3tc_enable overridden by environment.
[Parent 10812, Gecko_IOThread] WARNING: pipe error (63): Connection reset by peer: file /builds/worker/workspace/build/src/ipc/chromium/src/chrome/common/ipc_channel_posix.cc, line 353
*** UTM:SVC TimerManager:registerTimer called after profile-before-change notification. Ignoring timer registration for id: telemetry_modules_ping
1532741967937	geckodriver	INFO	geckodriver 0.21.0
1532741967944	geckodriver	INFO	Listening on 127.0.0.1:59443
1532741968944	mozrunner::runner	INFO	Running command: "/usr/bin/firefox" "-marionette" "-foreground" "-no-remote" "-profile" "/tmp/rust_mozprofile.Cf09niwjjCTG"
1532741970982	Marionette	INFO	Listening on port 40865
1532741971066	Marionette	WARN	TLS certificate errors will be ignored for this session
ATTENTION: default value of option force_s3tc_enable overridden by environment.
[Parent 11337, Gecko_IOThread] WARNING: pipe error (50): Connection reset by peer: file /builds/worker/workspace/build/src/ipc/chromium/src/chrome/common/ipc_channel_posix.cc, line 353
*** UTM:SVC TimerManager:registerTimer called after profile-before-change notification. Ignoring timer registration for id: telemetry_modules_ping
1532742528027	geckodriver	INFO	geckodriver 0.21.0
1532742528033	geckodriver	INFO	Listening on 127.0.0.1:57681
1532742529033	mozrunner::runner	INFO	Running command: "/usr/bin/firefox" "-marionette" "-foreground" "-no-remote" "-profile" "/tmp/rust_mozprofile.4vYBbdhjarvG"
1532742531028	Marionette	INFO	Listening on port 45011
1532742531068	Marionette	WARN	TLS certificate errors will be ignored for this session
ATTENTION: default value of option force_s3tc_enable overridden by environment.
*** UTM:SVC TimerManager:registerTimer called after profile-before-change notification. Ignoring timer registration for id: telemetry_modules_ping
1532745593689	geckodriver	INFO	geckodriver 0.21.0
1532745593697	geckodriver	INFO	Listening on 127.0.0.1:37767
1532745594694	mozrunner::runner	INFO	Running command: "/usr/bin/firefox" "-marionette" "-foreground" "-no-remote" "-profile" "/tmp/rust_mozprofile.na2PXrhmH9ef"
1532745596985	Marionette	INFO	Listening on port 44597
1532745597046	Marionette	WARN	TLS certificate errors will be ignored for this session
ATTENTION: default value of option force_s3tc_enable overridden by environment.
1532745658025	geckodriver	INFO	geckodriver 0.21.0
1532745658055	geckodriver	INFO	Listening on 127.0.0.1:43041
1532745658993	mozrunner::runner	INFO	Running command: "/usr/bin/firefox" "-marionette" "-foreground" "-no-remote" "-profile" "/tmp/rust_mozprofile.SxJVditH01jx"
1532745664580	Marionette	INFO	Listening on port 41487
1532745664638	Marionette	WARN	TLS certificate errors will be ignored for this session
ATTENTION: default value of option force_s3tc_enable overridden by environment.
1532745729537	geckodriver	INFO	geckodriver 0.21.0
1532745729543	geckodriver	INFO	Listening on 127.0.0.1:35199
1532745730538	mozrunner::runner	INFO	Running command: "/usr/bin/firefox" "-marionette" "-foreground" "-no-remote" "-profile" "/tmp/rust_mozprofile.gm3KLMbQMukv"
1532745734941	Marionette	INFO	Listening on port 40205
1532745735010	Marionette	WARN	TLS certificate errors will be ignored for this session
ATTENTION: default value of option force_s3tc_enable overridden by environment.
*** UTM:SVC TimerManager:registerTimer called after profile-before-change notification. Ignoring timer registration for id: telemetry_modules_ping
